<?xml version="1.0" encoding="UTF-8"?>
<!-- Generated by org.testng.reporters.JUnitReportReporter -->
<testsuite hostname="DESKTOP-KG8FKSE" failures="0" tests="5" name="testNGpractice.NewTest1" time="16.086" errors="0" timestamp="2023-12-20T17:43:18 IST" skipped="0">
  <testcase classname="testNGpractice.NewTest1" name="tc1" time="8.021"/>
  <testcase classname="testNGpractice.NewTest1" name="tc4" time="2.598"/>
  <testcase classname="testNGpractice.NewTest1" name="tc2" time="2.040"/>
  <testcase classname="testNGpractice.NewTest1" name="tc5" time="0.317"/>
  <testcase classname="testNGpractice.NewTest1" name="tc3" time="3.110"/>
</testsuite> <!-- testNGpractice.NewTest1 -->
