<?xml version="1.0" encoding="UTF-8"?>
<!-- Generated by org.testng.reporters.JUnitReportReporter -->
<testsuite hostname="DESKTOP-KG8FKSE" failures="0" tests="6" name="testNGpractice.GroupsExample" time="0.054" errors="0" timestamp="2023-12-21T10:25:53 IST" skipped="0">
  <testcase classname="testNGpractice.GroupsExample" name="tc1" time="0.021"/>
  <testcase classname="testNGpractice.GroupsExample" name="tc7" time="0.018"/>
  <testcase classname="testNGpractice.GroupsExample" name="tc2" time="0.003"/>
  <testcase classname="testNGpractice.GroupsExample" name="tc4" time="0.003"/>
  <testcase classname="testNGpractice.GroupsExample" name="tc5" time="0.004"/>
  <testcase classname="testNGpractice.GroupsExample" name="tc10" time="0.005"/>
</testsuite> <!-- testNGpractice.GroupsExample -->
